2025-09-08 15:59:34,730 [Worker-1: Loading available Gradle versions] INFO  o.e.b.c.i.u.g.PublishedGradleVersions - Gradle version information cache is not available. Remote download required.
2025-09-11 13:49:44,372 [Worker-1: Loading available Gradle versions] INFO  o.e.b.c.i.u.g.PublishedGradleVersions - Gradle version information cache is out-of-date. Trying to update.
2025-09-15 15:17:59,166 [Worker-1: Loading available Gradle versions] INFO  o.e.b.c.i.u.g.PublishedGradleVersions - Gradle version information cache is out-of-date. Trying to update.
2025-09-17 11:39:39,394 [Worker-5: Loading available Gradle versions] INFO  o.e.b.c.i.u.g.PublishedGradleVersions - Gradle version information cache is out-of-date. Trying to update.
2025-09-19 15:27:54,868 [Worker-1: Loading available Gradle versions] INFO  o.e.b.c.i.u.g.PublishedGradleVersions - Gradle version information cache is out-of-date. Trying to update.
2025-09-19 15:33:43,824 [Worker-6: Loading available Gradle versions] INFO  o.e.b.c.i.u.g.PublishedGradleVersions - Gradle version information cache is up-to-date. Trying to read.
2025-09-22 15:45:16,202 [Worker-1: Loading available Gradle versions] INFO  o.e.b.c.i.u.g.PublishedGradleVersions - Gradle version information cache is out-of-date. Trying to update.
2025-09-22 15:53:17,489 [JGit-FileStoreAttributeWriter-1] ERROR o.e.j.i.storage.file.LockFile - Creating lock file /Users/karahubbard/.config/jgit/config.lock failed
java.io.IOException: Creating directories for /Users/karahubbard/.config/jgit failed
	at org.eclipse.jgit.util.FileUtils.mkdirs(FileUtils.java:421)
	at org.eclipse.jgit.internal.storage.file.LockFile.createLockFile(LockFile.java:172)
	at org.eclipse.jgit.internal.storage.file.LockFile.createLockFileWithRetry(LockFile.java:165)
	at org.eclipse.jgit.internal.storage.file.LockFile.lock(LockFile.java:146)
	at org.eclipse.jgit.storage.file.FileBasedConfig.save(FileBasedConfig.java:201)
	at org.eclipse.jgit.util.FS$FileStoreAttributes.saveToConfig(FS.java:750)
	at org.eclipse.jgit.util.FS$FileStoreAttributes.lambda$4(FS.java:432)
	at java.base/java.util.concurrent.ThreadPoolExecutor.runWorker(ThreadPoolExecutor.java:1144)
	at java.base/java.util.concurrent.ThreadPoolExecutor$Worker.run(ThreadPoolExecutor.java:642)
	at java.base/java.lang.Thread.run(Thread.java:1583)
2025-09-22 15:53:17,496 [JGit-FileStoreAttributeWriter-1] ERROR org.eclipse.jgit.util.FS - Cannot save config file 'FileBasedConfig[/Users/karahubbard/.config/jgit/config]'
java.io.IOException: Creating directories for /Users/karahubbard/.config/jgit failed
	at org.eclipse.jgit.util.FileUtils.mkdirs(FileUtils.java:421)
	at org.eclipse.jgit.internal.storage.file.LockFile.createLockFile(LockFile.java:172)
	at org.eclipse.jgit.internal.storage.file.LockFile.createLockFileWithRetry(LockFile.java:165)
	at org.eclipse.jgit.internal.storage.file.LockFile.lock(LockFile.java:146)
	at org.eclipse.jgit.storage.file.FileBasedConfig.save(FileBasedConfig.java:201)
	at org.eclipse.jgit.util.FS$FileStoreAttributes.saveToConfig(FS.java:750)
	at org.eclipse.jgit.util.FS$FileStoreAttributes.lambda$4(FS.java:432)
	at java.base/java.util.concurrent.ThreadPoolExecutor.runWorker(ThreadPoolExecutor.java:1144)
	at java.base/java.util.concurrent.ThreadPoolExecutor$Worker.run(ThreadPoolExecutor.java:642)
	at java.base/java.lang.Thread.run(Thread.java:1583)
2025-09-22 16:17:04,320 [Worker-6: Loading available Gradle versions] INFO  o.e.b.c.i.u.g.PublishedGradleVersions - Gradle version information cache is up-to-date. Trying to read.
2025-09-22 16:17:07,816 [JGit-FileStoreAttributeWriter-1] ERROR o.e.j.i.storage.file.LockFile - Creating lock file /Users/karahubbard/.config/jgit/config.lock failed
java.io.IOException: Creating directories for /Users/karahubbard/.config/jgit failed
	at org.eclipse.jgit.util.FileUtils.mkdirs(FileUtils.java:421)
	at org.eclipse.jgit.internal.storage.file.LockFile.createLockFile(LockFile.java:172)
	at org.eclipse.jgit.internal.storage.file.LockFile.createLockFileWithRetry(LockFile.java:165)
	at org.eclipse.jgit.internal.storage.file.LockFile.lock(LockFile.java:146)
	at org.eclipse.jgit.storage.file.FileBasedConfig.save(FileBasedConfig.java:201)
	at org.eclipse.jgit.util.FS$FileStoreAttributes.saveToConfig(FS.java:750)
	at org.eclipse.jgit.util.FS$FileStoreAttributes.lambda$4(FS.java:432)
	at java.base/java.util.concurrent.ThreadPoolExecutor.runWorker(ThreadPoolExecutor.java:1144)
	at java.base/java.util.concurrent.ThreadPoolExecutor$Worker.run(ThreadPoolExecutor.java:642)
	at java.base/java.lang.Thread.run(Thread.java:1583)
2025-09-22 16:17:07,819 [JGit-FileStoreAttributeWriter-1] ERROR org.eclipse.jgit.util.FS - Cannot save config file 'FileBasedConfig[/Users/karahubbard/.config/jgit/config]'
java.io.IOException: Creating directories for /Users/karahubbard/.config/jgit failed
	at org.eclipse.jgit.util.FileUtils.mkdirs(FileUtils.java:421)
	at org.eclipse.jgit.internal.storage.file.LockFile.createLockFile(LockFile.java:172)
	at org.eclipse.jgit.internal.storage.file.LockFile.createLockFileWithRetry(LockFile.java:165)
	at org.eclipse.jgit.internal.storage.file.LockFile.lock(LockFile.java:146)
	at org.eclipse.jgit.storage.file.FileBasedConfig.save(FileBasedConfig.java:201)
	at org.eclipse.jgit.util.FS$FileStoreAttributes.saveToConfig(FS.java:750)
	at org.eclipse.jgit.util.FS$FileStoreAttributes.lambda$4(FS.java:432)
	at java.base/java.util.concurrent.ThreadPoolExecutor.runWorker(ThreadPoolExecutor.java:1144)
	at java.base/java.util.concurrent.ThreadPoolExecutor$Worker.run(ThreadPoolExecutor.java:642)
	at java.base/java.lang.Thread.run(Thread.java:1583)
2025-09-24 10:19:08,786 [Worker-2: Loading available Gradle versions] INFO  o.e.b.c.i.u.g.PublishedGradleVersions - Gradle version information cache is out-of-date. Trying to update.
2025-09-24 10:19:12,045 [JGit-FileStoreAttributeWriter-1] ERROR o.e.j.i.storage.file.LockFile - Creating lock file /Users/karahubbard/.config/jgit/config.lock failed
java.io.IOException: Creating directories for /Users/karahubbard/.config/jgit failed
	at org.eclipse.jgit.util.FileUtils.mkdirs(FileUtils.java:421)
	at org.eclipse.jgit.internal.storage.file.LockFile.createLockFile(LockFile.java:172)
	at org.eclipse.jgit.internal.storage.file.LockFile.createLockFileWithRetry(LockFile.java:165)
	at org.eclipse.jgit.internal.storage.file.LockFile.lock(LockFile.java:146)
	at org.eclipse.jgit.storage.file.FileBasedConfig.save(FileBasedConfig.java:201)
	at org.eclipse.jgit.util.FS$FileStoreAttributes.saveToConfig(FS.java:750)
	at org.eclipse.jgit.util.FS$FileStoreAttributes.lambda$4(FS.java:432)
	at java.base/java.util.concurrent.ThreadPoolExecutor.runWorker(ThreadPoolExecutor.java:1144)
	at java.base/java.util.concurrent.ThreadPoolExecutor$Worker.run(ThreadPoolExecutor.java:642)
	at java.base/java.lang.Thread.run(Thread.java:1583)
2025-09-24 10:19:12,048 [JGit-FileStoreAttributeWriter-1] ERROR org.eclipse.jgit.util.FS - Cannot save config file 'FileBasedConfig[/Users/karahubbard/.config/jgit/config]'
java.io.IOException: Creating directories for /Users/karahubbard/.config/jgit failed
	at org.eclipse.jgit.util.FileUtils.mkdirs(FileUtils.java:421)
	at org.eclipse.jgit.internal.storage.file.LockFile.createLockFile(LockFile.java:172)
	at org.eclipse.jgit.internal.storage.file.LockFile.createLockFileWithRetry(LockFile.java:165)
	at org.eclipse.jgit.internal.storage.file.LockFile.lock(LockFile.java:146)
	at org.eclipse.jgit.storage.file.FileBasedConfig.save(FileBasedConfig.java:201)
	at org.eclipse.jgit.util.FS$FileStoreAttributes.saveToConfig(FS.java:750)
	at org.eclipse.jgit.util.FS$FileStoreAttributes.lambda$4(FS.java:432)
	at java.base/java.util.concurrent.ThreadPoolExecutor.runWorker(ThreadPoolExecutor.java:1144)
	at java.base/java.util.concurrent.ThreadPoolExecutor$Worker.run(ThreadPoolExecutor.java:642)
	at java.base/java.lang.Thread.run(Thread.java:1583)
2025-09-24 15:11:05,160 [Worker-9: Loading available Gradle versions] INFO  o.e.b.c.i.u.g.PublishedGradleVersions - Gradle version information cache is up-to-date. Trying to read.
2025-09-24 15:11:09,007 [JGit-FileStoreAttributeWriter-1] ERROR o.e.j.i.storage.file.LockFile - Creating lock file /Users/karahubbard/.config/jgit/config.lock failed
java.io.IOException: Creating directories for /Users/karahubbard/.config/jgit failed
	at org.eclipse.jgit.util.FileUtils.mkdirs(FileUtils.java:421)
	at org.eclipse.jgit.internal.storage.file.LockFile.createLockFile(LockFile.java:172)
	at org.eclipse.jgit.internal.storage.file.LockFile.createLockFileWithRetry(LockFile.java:165)
	at org.eclipse.jgit.internal.storage.file.LockFile.lock(LockFile.java:146)
	at org.eclipse.jgit.storage.file.FileBasedConfig.save(FileBasedConfig.java:201)
	at org.eclipse.jgit.util.FS$FileStoreAttributes.saveToConfig(FS.java:750)
	at org.eclipse.jgit.util.FS$FileStoreAttributes.lambda$4(FS.java:432)
	at java.base/java.util.concurrent.ThreadPoolExecutor.runWorker(ThreadPoolExecutor.java:1144)
	at java.base/java.util.concurrent.ThreadPoolExecutor$Worker.run(ThreadPoolExecutor.java:642)
	at java.base/java.lang.Thread.run(Thread.java:1583)
2025-09-24 15:11:09,011 [JGit-FileStoreAttributeWriter-1] ERROR org.eclipse.jgit.util.FS - Cannot save config file 'FileBasedConfig[/Users/karahubbard/.config/jgit/config]'
java.io.IOException: Creating directories for /Users/karahubbard/.config/jgit failed
	at org.eclipse.jgit.util.FileUtils.mkdirs(FileUtils.java:421)
	at org.eclipse.jgit.internal.storage.file.LockFile.createLockFile(LockFile.java:172)
	at org.eclipse.jgit.internal.storage.file.LockFile.createLockFileWithRetry(LockFile.java:165)
	at org.eclipse.jgit.internal.storage.file.LockFile.lock(LockFile.java:146)
	at org.eclipse.jgit.storage.file.FileBasedConfig.save(FileBasedConfig.java:201)
	at org.eclipse.jgit.util.FS$FileStoreAttributes.saveToConfig(FS.java:750)
	at org.eclipse.jgit.util.FS$FileStoreAttributes.lambda$4(FS.java:432)
	at java.base/java.util.concurrent.ThreadPoolExecutor.runWorker(ThreadPoolExecutor.java:1144)
	at java.base/java.util.concurrent.ThreadPoolExecutor$Worker.run(ThreadPoolExecutor.java:642)
	at java.base/java.lang.Thread.run(Thread.java:1583)
2025-09-25 09:09:06,595 [Worker-4: Loading available Gradle versions] INFO  o.e.b.c.i.u.g.PublishedGradleVersions - Gradle version information cache is up-to-date. Trying to read.
2025-09-25 09:09:10,078 [JGit-FileStoreAttributeWriter-1] ERROR o.e.j.i.storage.file.LockFile - Creating lock file /Users/karahubbard/.config/jgit/config.lock failed
java.io.IOException: Creating directories for /Users/karahubbard/.config/jgit failed
	at org.eclipse.jgit.util.FileUtils.mkdirs(FileUtils.java:421)
	at org.eclipse.jgit.internal.storage.file.LockFile.createLockFile(LockFile.java:172)
	at org.eclipse.jgit.internal.storage.file.LockFile.createLockFileWithRetry(LockFile.java:165)
	at org.eclipse.jgit.internal.storage.file.LockFile.lock(LockFile.java:146)
	at org.eclipse.jgit.storage.file.FileBasedConfig.save(FileBasedConfig.java:201)
	at org.eclipse.jgit.util.FS$FileStoreAttributes.saveToConfig(FS.java:750)
	at org.eclipse.jgit.util.FS$FileStoreAttributes.lambda$4(FS.java:432)
	at java.base/java.util.concurrent.ThreadPoolExecutor.runWorker(ThreadPoolExecutor.java:1144)
	at java.base/java.util.concurrent.ThreadPoolExecutor$Worker.run(ThreadPoolExecutor.java:642)
	at java.base/java.lang.Thread.run(Thread.java:1583)
2025-09-25 09:09:10,080 [JGit-FileStoreAttributeWriter-1] ERROR org.eclipse.jgit.util.FS - Cannot save config file 'FileBasedConfig[/Users/karahubbard/.config/jgit/config]'
java.io.IOException: Creating directories for /Users/karahubbard/.config/jgit failed
	at org.eclipse.jgit.util.FileUtils.mkdirs(FileUtils.java:421)
	at org.eclipse.jgit.internal.storage.file.LockFile.createLockFile(LockFile.java:172)
	at org.eclipse.jgit.internal.storage.file.LockFile.createLockFileWithRetry(LockFile.java:165)
	at org.eclipse.jgit.internal.storage.file.LockFile.lock(LockFile.java:146)
	at org.eclipse.jgit.storage.file.FileBasedConfig.save(FileBasedConfig.java:201)
	at org.eclipse.jgit.util.FS$FileStoreAttributes.saveToConfig(FS.java:750)
	at org.eclipse.jgit.util.FS$FileStoreAttributes.lambda$4(FS.java:432)
	at java.base/java.util.concurrent.ThreadPoolExecutor.runWorker(ThreadPoolExecutor.java:1144)
	at java.base/java.util.concurrent.ThreadPoolExecutor$Worker.run(ThreadPoolExecutor.java:642)
	at java.base/java.lang.Thread.run(Thread.java:1583)
2025-09-26 13:30:52,182 [Worker-8: Loading available Gradle versions] INFO  o.e.b.c.i.u.g.PublishedGradleVersions - Gradle version information cache is out-of-date. Trying to update.
2025-09-26 13:30:55,730 [JGit-FileStoreAttributeWriter-1] ERROR o.e.j.i.storage.file.LockFile - Creating lock file /Users/karahubbard/.config/jgit/config.lock failed
java.io.IOException: Creating directories for /Users/karahubbard/.config/jgit failed
	at org.eclipse.jgit.util.FileUtils.mkdirs(FileUtils.java:421)
	at org.eclipse.jgit.internal.storage.file.LockFile.createLockFile(LockFile.java:172)
	at org.eclipse.jgit.internal.storage.file.LockFile.createLockFileWithRetry(LockFile.java:165)
	at org.eclipse.jgit.internal.storage.file.LockFile.lock(LockFile.java:146)
	at org.eclipse.jgit.storage.file.FileBasedConfig.save(FileBasedConfig.java:201)
	at org.eclipse.jgit.util.FS$FileStoreAttributes.saveToConfig(FS.java:750)
	at org.eclipse.jgit.util.FS$FileStoreAttributes.lambda$4(FS.java:432)
	at java.base/java.util.concurrent.ThreadPoolExecutor.runWorker(ThreadPoolExecutor.java:1144)
	at java.base/java.util.concurrent.ThreadPoolExecutor$Worker.run(ThreadPoolExecutor.java:642)
	at java.base/java.lang.Thread.run(Thread.java:1583)
2025-09-26 13:30:55,732 [JGit-FileStoreAttributeWriter-1] ERROR org.eclipse.jgit.util.FS - Cannot save config file 'FileBasedConfig[/Users/karahubbard/.config/jgit/config]'
java.io.IOException: Creating directories for /Users/karahubbard/.config/jgit failed
	at org.eclipse.jgit.util.FileUtils.mkdirs(FileUtils.java:421)
	at org.eclipse.jgit.internal.storage.file.LockFile.createLockFile(LockFile.java:172)
	at org.eclipse.jgit.internal.storage.file.LockFile.createLockFileWithRetry(LockFile.java:165)
	at org.eclipse.jgit.internal.storage.file.LockFile.lock(LockFile.java:146)
	at org.eclipse.jgit.storage.file.FileBasedConfig.save(FileBasedConfig.java:201)
	at org.eclipse.jgit.util.FS$FileStoreAttributes.saveToConfig(FS.java:750)
	at org.eclipse.jgit.util.FS$FileStoreAttributes.lambda$4(FS.java:432)
	at java.base/java.util.concurrent.ThreadPoolExecutor.runWorker(ThreadPoolExecutor.java:1144)
	at java.base/java.util.concurrent.ThreadPoolExecutor$Worker.run(ThreadPoolExecutor.java:642)
	at java.base/java.lang.Thread.run(Thread.java:1583)
2025-09-29 15:57:36,064 [Worker-3: Loading available Gradle versions] INFO  o.e.b.c.i.u.g.PublishedGradleVersions - Gradle version information cache is out-of-date. Trying to update.
2025-09-29 15:57:39,663 [JGit-FileStoreAttributeWriter-1] ERROR o.e.j.i.storage.file.LockFile - Creating lock file /Users/karahubbard/.config/jgit/config.lock failed
java.io.IOException: Creating directories for /Users/karahubbard/.config/jgit failed
	at org.eclipse.jgit.util.FileUtils.mkdirs(FileUtils.java:421)
	at org.eclipse.jgit.internal.storage.file.LockFile.createLockFile(LockFile.java:172)
	at org.eclipse.jgit.internal.storage.file.LockFile.createLockFileWithRetry(LockFile.java:165)
	at org.eclipse.jgit.internal.storage.file.LockFile.lock(LockFile.java:146)
	at org.eclipse.jgit.storage.file.FileBasedConfig.save(FileBasedConfig.java:201)
	at org.eclipse.jgit.util.FS$FileStoreAttributes.saveToConfig(FS.java:750)
	at org.eclipse.jgit.util.FS$FileStoreAttributes.lambda$4(FS.java:432)
	at java.base/java.util.concurrent.ThreadPoolExecutor.runWorker(ThreadPoolExecutor.java:1144)
	at java.base/java.util.concurrent.ThreadPoolExecutor$Worker.run(ThreadPoolExecutor.java:642)
	at java.base/java.lang.Thread.run(Thread.java:1583)
2025-09-29 15:57:39,665 [JGit-FileStoreAttributeWriter-1] ERROR org.eclipse.jgit.util.FS - Cannot save config file 'FileBasedConfig[/Users/karahubbard/.config/jgit/config]'
java.io.IOException: Creating directories for /Users/karahubbard/.config/jgit failed
	at org.eclipse.jgit.util.FileUtils.mkdirs(FileUtils.java:421)
	at org.eclipse.jgit.internal.storage.file.LockFile.createLockFile(LockFile.java:172)
	at org.eclipse.jgit.internal.storage.file.LockFile.createLockFileWithRetry(LockFile.java:165)
	at org.eclipse.jgit.internal.storage.file.LockFile.lock(LockFile.java:146)
	at org.eclipse.jgit.storage.file.FileBasedConfig.save(FileBasedConfig.java:201)
	at org.eclipse.jgit.util.FS$FileStoreAttributes.saveToConfig(FS.java:750)
	at org.eclipse.jgit.util.FS$FileStoreAttributes.lambda$4(FS.java:432)
	at java.base/java.util.concurrent.ThreadPoolExecutor.runWorker(ThreadPoolExecutor.java:1144)
	at java.base/java.util.concurrent.ThreadPoolExecutor$Worker.run(ThreadPoolExecutor.java:642)
	at java.base/java.lang.Thread.run(Thread.java:1583)
2025-09-29 16:17:18,078 [Worker-5: Loading available Gradle versions] INFO  o.e.b.c.i.u.g.PublishedGradleVersions - Gradle version information cache is up-to-date. Trying to read.
2025-09-29 16:17:21,472 [JGit-FileStoreAttributeWriter-1] ERROR o.e.j.i.storage.file.LockFile - Creating lock file /Users/karahubbard/.config/jgit/config.lock failed
java.io.IOException: Creating directories for /Users/karahubbard/.config/jgit failed
	at org.eclipse.jgit.util.FileUtils.mkdirs(FileUtils.java:421)
	at org.eclipse.jgit.internal.storage.file.LockFile.createLockFile(LockFile.java:172)
	at org.eclipse.jgit.internal.storage.file.LockFile.createLockFileWithRetry(LockFile.java:165)
	at org.eclipse.jgit.internal.storage.file.LockFile.lock(LockFile.java:146)
	at org.eclipse.jgit.storage.file.FileBasedConfig.save(FileBasedConfig.java:201)
	at org.eclipse.jgit.util.FS$FileStoreAttributes.saveToConfig(FS.java:750)
	at org.eclipse.jgit.util.FS$FileStoreAttributes.lambda$4(FS.java:432)
	at java.base/java.util.concurrent.ThreadPoolExecutor.runWorker(ThreadPoolExecutor.java:1144)
	at java.base/java.util.concurrent.ThreadPoolExecutor$Worker.run(ThreadPoolExecutor.java:642)
	at java.base/java.lang.Thread.run(Thread.java:1583)
2025-09-29 16:17:21,474 [JGit-FileStoreAttributeWriter-1] ERROR org.eclipse.jgit.util.FS - Cannot save config file 'FileBasedConfig[/Users/karahubbard/.config/jgit/config]'
java.io.IOException: Creating directories for /Users/karahubbard/.config/jgit failed
	at org.eclipse.jgit.util.FileUtils.mkdirs(FileUtils.java:421)
	at org.eclipse.jgit.internal.storage.file.LockFile.createLockFile(LockFile.java:172)
	at org.eclipse.jgit.internal.storage.file.LockFile.createLockFileWithRetry(LockFile.java:165)
	at org.eclipse.jgit.internal.storage.file.LockFile.lock(LockFile.java:146)
	at org.eclipse.jgit.storage.file.FileBasedConfig.save(FileBasedConfig.java:201)
	at org.eclipse.jgit.util.FS$FileStoreAttributes.saveToConfig(FS.java:750)
	at org.eclipse.jgit.util.FS$FileStoreAttributes.lambda$4(FS.java:432)
	at java.base/java.util.concurrent.ThreadPoolExecutor.runWorker(ThreadPoolExecutor.java:1144)
	at java.base/java.util.concurrent.ThreadPoolExecutor$Worker.run(ThreadPoolExecutor.java:642)
	at java.base/java.lang.Thread.run(Thread.java:1583)
2025-10-01 16:16:47,063 [Worker-4: Loading available Gradle versions] INFO  o.e.b.c.i.u.g.PublishedGradleVersions - Gradle version information cache is out-of-date. Trying to update.
2025-10-01 16:16:50,998 [JGit-FileStoreAttributeWriter-1] ERROR o.e.j.i.storage.file.LockFile - Creating lock file /Users/karahubbard/.config/jgit/config.lock failed
java.io.IOException: Creating directories for /Users/karahubbard/.config/jgit failed
	at org.eclipse.jgit.util.FileUtils.mkdirs(FileUtils.java:421)
	at org.eclipse.jgit.internal.storage.file.LockFile.createLockFile(LockFile.java:172)
	at org.eclipse.jgit.internal.storage.file.LockFile.createLockFileWithRetry(LockFile.java:165)
	at org.eclipse.jgit.internal.storage.file.LockFile.lock(LockFile.java:146)
	at org.eclipse.jgit.storage.file.FileBasedConfig.save(FileBasedConfig.java:201)
	at org.eclipse.jgit.util.FS$FileStoreAttributes.saveToConfig(FS.java:750)
	at org.eclipse.jgit.util.FS$FileStoreAttributes.lambda$4(FS.java:432)
	at java.base/java.util.concurrent.ThreadPoolExecutor.runWorker(ThreadPoolExecutor.java:1144)
	at java.base/java.util.concurrent.ThreadPoolExecutor$Worker.run(ThreadPoolExecutor.java:642)
	at java.base/java.lang.Thread.run(Thread.java:1583)
2025-10-01 16:16:51,001 [JGit-FileStoreAttributeWriter-1] ERROR org.eclipse.jgit.util.FS - Cannot save config file 'FileBasedConfig[/Users/karahubbard/.config/jgit/config]'
java.io.IOException: Creating directories for /Users/karahubbard/.config/jgit failed
	at org.eclipse.jgit.util.FileUtils.mkdirs(FileUtils.java:421)
	at org.eclipse.jgit.internal.storage.file.LockFile.createLockFile(LockFile.java:172)
	at org.eclipse.jgit.internal.storage.file.LockFile.createLockFileWithRetry(LockFile.java:165)
	at org.eclipse.jgit.internal.storage.file.LockFile.lock(LockFile.java:146)
	at org.eclipse.jgit.storage.file.FileBasedConfig.save(FileBasedConfig.java:201)
	at org.eclipse.jgit.util.FS$FileStoreAttributes.saveToConfig(FS.java:750)
	at org.eclipse.jgit.util.FS$FileStoreAttributes.lambda$4(FS.java:432)
	at java.base/java.util.concurrent.ThreadPoolExecutor.runWorker(ThreadPoolExecutor.java:1144)
	at java.base/java.util.concurrent.ThreadPoolExecutor$Worker.run(ThreadPoolExecutor.java:642)
	at java.base/java.lang.Thread.run(Thread.java:1583)
